Arguments: 
  /home/phongho/.nvm/versions/node/v18.15.0/bin/node /home/phongho/.nvm/versions/node/v18.15.0/bin/yarn upgrade-goerli

PATH: 
  /home/phongho/.nvm/versions/node/v18.15.0/bin:/usr/local/sbin:/usr/local/bin:/usr/sbin:/usr/bin:/sbin:/bin:/usr/games:/usr/local/games:/snap/bin:/snap/bin

Yarn version: 
  1.22.19

Node version: 
  18.15.0

Platform: 
  linux x64

Trace: 
  SyntaxError: /home/phongho/Personal/NAPA/0x/blockchain/package.json: Unexpected token } in JSON at position 280
      at JSON.parse (<anonymous>)
      at /home/phongho/.nvm/versions/node/v18.15.0/lib/node_modules/yarn/lib/cli.js:1629:59
      at Generator.next (<anonymous>)
      at step (/home/phongho/.nvm/versions/node/v18.15.0/lib/node_modules/yarn/lib/cli.js:310:30)
      at /home/phongho/.nvm/versions/node/v18.15.0/lib/node_modules/yarn/lib/cli.js:321:13

npm manifest: 
  {
    "name": "hardhat-project",
    "scripts": {
      "deploy-testnet": "npx hardhat run scripts/deploy.ts --network bscTestnet",
      "deploy-goerli": "npx hardhat run scripts/deploy.ts --network goerli",
      "upgrade-goerli": "npx hardhat run scripts/upgrade.ts --network goerli",
    },
    "devDependencies": {
      "@nomicfoundation/hardhat-toolbox": "^2.0.2",
      "hardhat": "^2.14.0"
    },
    "dependencies": {
      "@openzeppelin/contracts-upgradeable": "^4.8.3",
      "@openzeppelin/hardhat-upgrades": "^1.22.1",
      "dotenv": "^16.0.3"
    }
  }

yarn manifest: 
  No manifest

Lockfile: 
  No lockfile
